<?xml version="1.0" encoding="UTF-8"?>
<!-- Generated by org.testng.reporters.JUnitXMLReporter -->
<testsuite hostname="DeepakShikha-PC" ignored="0" name="Test" tests="2" failures="1" timestamp="28 Apr 2019 15:35:44 GMT" time="22.579" errors="0">
  <testcase name="searchFlight" time="0.017" classname="selenium.automation.expedia.pages.HomePage">
    <failure type="java.lang.NullPointerException">
      <![CDATA[java.lang.NullPointerExceptionat selenium.automation.expedia.pages.HomePage.searchFlight(HomePage.java:17)... Removed 25 stack frames]]>
    </failure>
  </testcase> <!-- searchFlight -->
  <testcase name="base" time="22.513" classname="selenium.automation.expedia.pages.TestBase"/>
</testsuite> <!-- Test -->
