<?xml version="1.0" encoding="UTF-8"?>
<testng-results skipped="0" failed="0" ignored="0" total="1" passed="1">
  <reporter-output>
  </reporter-output>
  <suite name="Default suite" duration-ms="17567" started-at="2019-07-01T13:32:46Z" finished-at="2019-07-01T13:33:03Z">
    <groups>
    </groups>
    <test name="Default test" duration-ms="17567" started-at="2019-07-01T13:32:46Z" finished-at="2019-07-01T13:33:03Z">
      <class name="selenium.automation.expedia.pages.Myntra">
        <test-method status="PASS" signature="extractProductList()[pri:0, instance:selenium.automation.expedia.pages.Myntra@4cc0edeb]" name="extractProductList" duration-ms="17525" started-at="2019-07-01T19:02:46Z" finished-at="2019-07-01T19:03:03Z">
          <reporter-output>
          </reporter-output>
        </test-method> <!-- extractProductList -->
      </class> <!-- selenium.automation.expedia.pages.Myntra -->
    </test> <!-- Default test -->
  </suite> <!-- Default suite -->
</testng-results>
